0 info it worked if it ends with ok
1 verbose cli [ '/usr/local/bin/node',
1 verbose cli   '/usr/local/bin/npm',
1 verbose cli   'run',
1 verbose cli   'test:watch' ]
2 info using npm@6.7.0
3 info using node@v11.15.0
4 verbose config Skipping project config: /var/www/.npmrc. (matches userconfig)
5 verbose stack Error: missing script: test:watch
5 verbose stack
5 verbose stack Did you mean one of these?
5 verbose stack     test:debug
5 verbose stack     build:watch
5 verbose stack     at run (/usr/local/lib/node_modules/npm/lib/run-script.js:155:19)
5 verbose stack     at /usr/local/lib/node_modules/npm/lib/run-script.js:63:5
5 verbose stack     at /usr/local/lib/node_modules/npm/node_modules/read-package-json/read-json.js:115:5
5 verbose stack     at /usr/local/lib/node_modules/npm/node_modules/read-package-json/read-json.js:418:5
5 verbose stack     at checkBinReferences_ (/usr/local/lib/node_modules/npm/node_modules/read-package-json/read-json.js:373:45)
5 verbose stack     at final (/usr/local/lib/node_modules/npm/node_modules/read-package-json/read-json.js:416:3)
5 verbose stack     at then (/usr/local/lib/node_modules/npm/node_modules/read-package-json/read-json.js:160:5)
5 verbose stack     at /usr/local/lib/node_modules/npm/node_modules/read-package-json/read-json.js:364:12
5 verbose stack     at /usr/local/lib/node_modules/npm/node_modules/graceful-fs/graceful-fs.js:90:16
5 verbose stack     at FSReqCallback.readFileAfterClose [as oncomplete] (internal/fs/read_file_context.js:54:3)
6 verbose cwd /var/www
7 verbose Linux 4.9.184-linuxkit
8 verbose argv "/usr/local/bin/node" "/usr/local/bin/npm" "run" "test:watch"
9 verbose node v11.15.0
10 verbose npm  v6.7.0
11 error missing script: test:watch
11 error
11 error Did you mean one of these?
11 error     test:debug
11 error     build:watch
12 verbose exit [ 1, true ]
