0 info it worked if it ends with ok
1 verbose cli [ '/usr/local/bin/node', '/usr/local/bin/npm', 'run', 'test' ]
2 info using npm@6.7.0
3 info using node@v11.15.0
4 verbose config Skipping project config: /var/www/.npmrc. (matches userconfig)
5 verbose run-script [ 'pretest', 'test', 'posttest' ]
6 info lifecycle spa-seo-prerenderer@0.0.6~pretest: spa-seo-prerenderer@0.0.6
7 info lifecycle spa-seo-prerenderer@0.0.6~test: spa-seo-prerenderer@0.0.6
8 verbose lifecycle spa-seo-prerenderer@0.0.6~test: unsafe-perm in lifecycle true
9 verbose lifecycle spa-seo-prerenderer@0.0.6~test: PATH: /usr/local/lib/node_modules/npm/node_modules/npm-lifecycle/node-gyp-bin:/var/www/node_modules/.bin:/usr/local/sbin:/usr/local/bin:/usr/sbin:/usr/bin:/sbin:/bin
10 verbose lifecycle spa-seo-prerenderer@0.0.6~test: CWD: /var/www
11 silly lifecycle spa-seo-prerenderer@0.0.6~test: Args: [ '-c', 'mocha test/specs/**/*.spec.js' ]
12 silly lifecycle spa-seo-prerenderer@0.0.6~test: Returned: code: 7  signal: null
13 info lifecycle spa-seo-prerenderer@0.0.6~test: Failed to exec test script
14 verbose stack Error: spa-seo-prerenderer@0.0.6 test: `mocha test/specs/**/*.spec.js`
14 verbose stack Exit status 7
14 verbose stack     at EventEmitter.<anonymous> (/usr/local/lib/node_modules/npm/node_modules/npm-lifecycle/index.js:301:16)
14 verbose stack     at EventEmitter.emit (events.js:193:13)
14 verbose stack     at ChildProcess.<anonymous> (/usr/local/lib/node_modules/npm/node_modules/npm-lifecycle/lib/spawn.js:55:14)
14 verbose stack     at ChildProcess.emit (events.js:193:13)
14 verbose stack     at maybeClose (internal/child_process.js:999:16)
14 verbose stack     at Process.ChildProcess._handle.onexit (internal/child_process.js:266:5)
15 verbose pkgid spa-seo-prerenderer@0.0.6
16 verbose cwd /var/www
17 verbose Linux 4.9.184-linuxkit
18 verbose argv "/usr/local/bin/node" "/usr/local/bin/npm" "run" "test"
19 verbose node v11.15.0
20 verbose npm  v6.7.0
21 error code ELIFECYCLE
22 error errno 7
23 error spa-seo-prerenderer@0.0.6 test: `mocha test/specs/**/*.spec.js`
23 error Exit status 7
24 error Failed at the spa-seo-prerenderer@0.0.6 test script.
24 error This is probably not a problem with npm. There is likely additional logging output above.
25 verbose exit [ 7, true ]
